[    0.000000] Initializing cgroup subsys cpuset
[    0.000000] Initializing cgroup subsys cpu
[    0.000000] Initializing cgroup subsys cpuacct
[    0.000000] Linux version 4.4.0-210-generic (buildd@lgw01-amd64-009) (gcc version 5.4.0 20160609 (Ubuntu 5.4.0-6ubuntu1~16.04.12) ) #242-Ubuntu SMP Fri Apr 16 09:57:56 UTC 2021 (Ubuntu 4.4.0-210.242-generic 4.4.262)
[    0.000000] Command line: BOOT_IMAGE=/boot/vmlinuz-4.4.0-210-generic root=LABEL=cloudimg-rootfs ro console=tty1 console=ttyS0
[    0.000000] KERNEL supported cpus:
[    0.000000]   Intel GenuineIntel
[    0.000000]   AMD AuthenticAMD
[    0.000000]   Centaur CentaurHauls
[    0.000000] x86/fpu: xstate_offset[2]:  576, xstate_sizes[2]:  256
[    0.000000] x86/fpu: Supporting XSAVE feature 0x01: 'x87 floating point registers'
[    0.000000] x86/fpu: Supporting XSAVE feature 0x02: 'SSE registers'
[    0.000000] x86/fpu: Supporting XSAVE feature 0x04: 'AVX registers'
[    0.000000] x86/fpu: Enabled xstate features 0x7, context size is 832 bytes, using 'standard' format.
[    0.000000] e820: BIOS-provided physical RAM map:
[    0.000000] BIOS-e820: [mem 0x0000000000000000-0x000000000009fbff] usable
[    0.000000] BIOS-e820: [mem 0x000000000009fc00-0x000000000009ffff] reserved
[    0.000000] BIOS-e820: [mem 0x00000000000f0000-0x00000000000fffff] reserved
[    0.000000] BIOS-e820: [mem 0x0000000000100000-0x000000003ffeffff] usable
[    0.000000] BIOS-e820: [mem 0x000000003fff0000-0x000000003fffffff] ACPI data
[    0.000000] BIOS-e820: [mem 0x00000000fec00000-0x00000000fec00fff] reserved
[    0.000000] BIOS-e820: [mem 0x00000000fee00000-0x00000000fee00fff] reserved
[    0.000000] BIOS-e820: [mem 0x00000000fffc0000-0x00000000ffffffff] reserved
[    0.000000] NX (Execute Disable) protection: active
[    0.000000] SMBIOS 2.5 present.
[    0.000000] Hypervisor detected: KVM
[    0.000000] e820: last_pfn = 0x3fff0 max_arch_pfn = 0x400000000
[    0.000000] MTRR: Disabled
[    0.000000] x86/PAT: MTRRs disabled, skipping PAT initialization too.
[    0.000000] CPU MTRRs all blank - virtualized system.
[    0.000000] x86/PAT: Configuration [0-7]: WB  WT  UC- UC  WB  WT  UC- UC  
[    0.000000] found SMP MP-table at [mem 0x0009fff0-0x0009ffff] mapped at [ffff88000009fff0]
[    0.000000] Scanning 1 areas for low memory corruption
[    0.000000] RAMDISK: [mem 0x362dc000-0x37165fff]
[    0.000000] ACPI: Early table checksum verification disabled
[    0.000000] ACPI: RSDP 0x00000000000E0000 000024 (v02 VBOX  )
[    0.000000] ACPI: XSDT 0x000000003FFF0030 00003C (v01 VBOX   VBOXXSDT 00000001 ASL  00000061)
[    0.000000] ACPI: FACP 0x000000003FFF00F0 0000F4 (v04 VBOX   VBOXFACP 00000001 ASL  00000061)
[    0.000000] ACPI: DSDT 0x000000003FFF0470 002325 (v02 VBOX   VBOXBIOS 00000002 INTL 20100528)
[    0.000000] ACPI: FACS 0x000000003FFF0200 000040
[    0.000000] ACPI: FACS 0x000000003FFF0200 000040
[    0.000000] ACPI: APIC 0x000000003FFF0240 00005C (v02 VBOX   VBOXAPIC 00000001 ASL  00000061)
[    0.000000] ACPI: SSDT 0x000000003FFF02A0 0001CC (v01 VBOX   VBOXCPUT 00000002 INTL 20100528)
[    0.000000] No NUMA configuration found
[    0.000000] Faking a node at [mem 0x0000000000000000-0x000000003ffeffff]
[    0.000000] NODE_DATA(0) allocated [mem 0x3ffeb000-0x3ffeffff]
[    0.000000] kvm-clock: Using msrs 4b564d01 and 4b564d00
[    0.000000] kvm-clock: cpu 0, msr 0:3ffe3001, primary cpu clock
[    0.000000] kvm-clock: using sched offset of 4576745068 cycles
[    0.000000] clocksource: kvm-clock: mask: 0xffffffffffffffff max_cycles: 0x1cd42e4dffb, max_idle_ns: 881590591483 ns
[    0.000000] Zone ranges:
[    0.000000]   DMA      [mem 0x0000000000001000-0x0000000000ffffff]
[    0.000000]   DMA32    [mem 0x0000000001000000-0x000000003ffeffff]
[    0.000000]   Normal   empty
[    0.000000]   Device   empty
[    0.000000] Movable zone start for each node
[    0.000000] Early memory node ranges
[    0.000000]   node   0: [mem 0x0000000000001000-0x000000000009efff]
[    0.000000]   node   0: [mem 0x0000000000100000-0x000000003ffeffff]
[    0.000000] Initmem setup node 0 [mem 0x0000000000001000-0x000000003ffeffff]
[    0.000000] ACPI: PM-Timer IO Port: 0x4008
[    0.000000] IOAPIC[0]: apic_id 2, version 32, address 0xfec00000, GSI 0-23
[    0.000000] ACPI: INT_SRC_OVR (bus 0 bus_irq 0 global_irq 2 dfl dfl)
[    0.000000] ACPI: INT_SRC_OVR (bus 0 bus_irq 9 global_irq 9 low level)
[    0.000000] Using ACPI (MADT) for SMP configuration information
[    0.000000] smpboot: Allowing 2 CPUs, 0 hotplug CPUs
[    0.000000] PM: Registered nosave memory: [mem 0x00000000-0x00000fff]
[    0.000000] PM: Registered nosave memory: [mem 0x0009f000-0x0009ffff]
[    0.000000] PM: Registered nosave memory: [mem 0x000a0000-0x000effff]
[    0.000000] PM: Registered nosave memory: [mem 0x000f0000-0x000fffff]
[    0.000000] e820: [mem 0x40000000-0xfebfffff] available for PCI devices
[    0.000000] Booting paravirtualized kernel on KVM
[    0.000000] clocksource: refined-jiffies: mask: 0xffffffff max_cycles: 0xffffffff, max_idle_ns: 7645519600211568 ns
[    0.000000] setup_percpu: NR_CPUS:512 nr_cpumask_bits:512 nr_cpu_ids:2 nr_node_ids:1
[    0.000000] PERCPU: Embedded 33 pages/cpu @ffff88003fc00000 s95192 r8192 d31784 u1048576
[    0.000000] Built 1 zonelists in Node order, mobility grouping on.  Total pages: 257912
[    0.000000] Policy zone: DMA32
[    0.000000] Kernel command line: BOOT_IMAGE=/boot/vmlinuz-4.4.0-210-generic root=LABEL=cloudimg-rootfs ro console=tty1 console=ttyS0
[    0.000000] PID hash table entries: 4096 (order: 3, 32768 bytes)
[    0.000000] Memory: 997792K/1048120K available (8644K kernel code, 1332K rwdata, 4044K rodata, 1492K init, 1164K bss, 50328K reserved, 0K cma-reserved)
[    0.000000] SLUB: HWalign=64, Order=0-3, MinObjects=0, CPUs=2, Nodes=1
[    0.000000] Kernel/User page tables isolation: enabled
[    0.000000] Hierarchical RCU implementation.
[    0.000000] 	Build-time adjustment of leaf fanout to 64.
[    0.000000] 	RCU restricting CPUs from NR_CPUS=512 to nr_cpu_ids=2.
[    0.000000] RCU: Adjusting geometry for rcu_fanout_leaf=64, nr_cpu_ids=2
[    0.000000] NR_IRQS:33024 nr_irqs:440 16
[    0.000000] Console: colour VGA+ 80x25
[    0.000000] console [tty1] enabled
[    0.000000] console [ttyS0] enabled
[    0.000000] tsc: Detected 2494.322 MHz processor
[    0.409684] Calibrating delay loop (skipped) preset value.. 4988.64 BogoMIPS (lpj=9977288)
[    0.414229] pid_max: default: 32768 minimum: 301
[    0.416700] ACPI: Core revision 20150930
[    0.423723] ACPI: 2 ACPI AML tables successfully acquired and loaded
[    0.427809] Security Framework initialized
[    0.429980] Yama: becoming mindful.
[    0.432088] AppArmor: AppArmor initialized
[    0.434540] Dentry cache hash table entries: 131072 (order: 8, 1048576 bytes)
[    0.441060] Inode-cache hash table entries: 65536 (order: 7, 524288 bytes)
[    0.444674] Mount-cache hash table entries: 2048 (order: 2, 16384 bytes)
[    0.447742] Mountpoint-cache hash table entries: 2048 (order: 2, 16384 bytes)
[    0.451313] Initializing cgroup subsys io
[    0.453971] Initializing cgroup subsys memory
[    0.457168] Initializing cgroup subsys devices
[    0.460105] Initializing cgroup subsys freezer
[    0.462958] Initializing cgroup subsys net_cls
[    0.465747] Initializing cgroup subsys perf_event
[    0.468931] Initializing cgroup subsys net_prio
[    0.471829] Initializing cgroup subsys hugetlb
[    0.474672] Initializing cgroup subsys pids
[    0.477882] mce: CPU supports 0 MCE banks
[    0.480716] Last level iTLB entries: 4KB 512, 2MB 8, 4MB 8
[    0.484634] Last level dTLB entries: 4KB 512, 2MB 32, 4MB 32, 1GB 0
[    0.488414] Spectre V1 : Mitigation: usercopy/swapgs barriers and __user pointer sanitization
[    0.494004] Spectre V2 : Mitigation: Full generic retpoline
[    0.497637] Spectre V2 : Spectre v2 / SpectreRSB mitigation: Filling RSB on context switch
[    0.503348] Speculative Store Bypass: Vulnerable
[    0.506492] MDS: Mitigation: Clear CPU buffers
[    0.518272] Freeing SMP alternatives memory: 36K
[    0.536282] ftrace: allocating 32380 entries in 127 pages
[    0.690082] smpboot: APIC(0) Converting physical 0 to logical package 0
[    0.693411] smpboot: Max logical packages: 1
[    0.696355] x2apic enabled
[    0.698728] Switched APIC routing to physical x2apic.
[    0.704696] ..TIMER: vector=0x30 apic1=0 pin1=2 apic2=-1 pin2=-1
[    0.815728] smpboot: CPU0: Intel(R) Core(TM) i5-2450M CPU @ 2.50GHz (family: 0x6, model: 0x2a, stepping: 0x7)
[    0.821008] Performance Events: unsupported p6 CPU model 42 no PMU driver, software events only.
[    0.844853] KVM setup paravirtual spinlock
[    0.848054] x86: Booting SMP configuration:
[    0.850210] .... node  #0, CPUs:      #1
[    0.852234] kvm-clock: cpu 1, msr 0:3ffe3041, secondary cpu clock
[    0.854814] mce: CPU supports 0 MCE banks
[    0.858397] x86: Booted up 1 node, 2 CPUs
[    0.862113] smpboot: Total of 2 processors activated (9977.28 BogoMIPS)
[    0.867222] devtmpfs: initialized
[    0.884415] evm: security.selinux
[    0.886736] evm: security.SMACK64
[    0.888737] evm: security.SMACK64EXEC
[    0.890704] evm: security.SMACK64TRANSMUTE
[    0.893002] evm: security.SMACK64MMAP
[    0.895110] evm: security.ima
[    0.897018] evm: security.capability
[    0.899616] clocksource: jiffies: mask: 0xffffffff max_cycles: 0xffffffff, max_idle_ns: 7645041785100000 ns
[    0.904764] futex hash table entries: 512 (order: 3, 32768 bytes)
[    0.908122] pinctrl core: initialized pinctrl subsystem
[    0.911716] RTC time: 15:08:55, date: 10/10/22
[    0.915108] NET: Registered protocol family 16
[    0.927477] cpuidle: using governor ladder
[    0.940298] cpuidle: using governor menu
[    0.942676] PCCT header not found.
[    0.945073] ACPI: bus type PCI registered
[    0.948007] acpiphp: ACPI Hot Plug PCI Controller Driver version: 0.5
[    0.952506] PCI: Using configuration type 1 for base access
[    0.969489] ACPI: Added _OSI(Module Device)
[    0.971905] ACPI: Added _OSI(Processor Device)
[    0.974757] ACPI: Added _OSI(3.0 _SCP Extensions)
[    0.977482] ACPI: Added _OSI(Processor Aggregator Device)
[    0.982942] ACPI: Executed 1 blocks of module-level executable AML code
[    0.993942] ACPI: Interpreter enabled
[    0.996159] ACPI: (supports S0 S5)
[    0.998073] ACPI: Using IOAPIC for interrupt routing
[    1.001025] PCI: Using host bridge windows from ACPI; if necessary, use "pci=nocrs" and report a bug
[    1.018219] ACPI: PCI Root Bridge [PCI0] (domain 0000 [bus 00-ff])
[    1.022520] acpi PNP0A03:00: _OSC: OS supports [ASPM ClockPM Segments MSI]
[    1.027712] acpi PNP0A03:00: _OSC: not requesting OS control; OS requires [ExtendedConfig ASPM ClockPM MSI]
[    1.034557] acpi PNP0A03:00: fail to add MMCONFIG information, can't access extended PCI configuration space under this bridge.
[    1.041862] PCI host bridge to bus 0000:00
[    1.044602] pci_bus 0000:00: root bus resource [io  0x0000-0x0cf7 window]
[    1.048428] pci_bus 0000:00: root bus resource [io  0x0d00-0xffff window]
[    1.052369] pci_bus 0000:00: root bus resource [mem 0x000a0000-0x000bffff window]
[    1.056448] pci_bus 0000:00: root bus resource [mem 0x40000000-0xfdffffff window]
[    1.061160] pci_bus 0000:00: root bus resource [bus 00-ff]
[    1.068306] pci 0000:00:01.1: legacy IDE quirk: reg 0x10: [io  0x01f0-0x01f7]
[    1.072148] pci 0000:00:01.1: legacy IDE quirk: reg 0x14: [io  0x03f6]
[    1.076141] pci 0000:00:01.1: legacy IDE quirk: reg 0x18: [io  0x0170-0x0177]
[    1.080368] pci 0000:00:01.1: legacy IDE quirk: reg 0x1c: [io  0x0376]
[    1.155148] pci 0000:00:07.0: quirk: [io  0x4000-0x403f] claimed by PIIX4 ACPI
[    1.160171] pci 0000:00:07.0: quirk: [io  0x4100-0x410f] claimed by PIIX4 SMB
[    1.177960] ACPI: PCI Interrupt Link [LNKA] (IRQs 5 9 10 *11)
[    1.182487] ACPI: PCI Interrupt Link [LNKB] (IRQs 5 9 *10 11)
[    1.187191] ACPI: PCI Interrupt Link [LNKC] (IRQs 5 *9 10 11)
[    1.191691] ACPI: PCI Interrupt Link [LNKD] (IRQs 5 9 10 *11)
[    1.196677] ACPI: Enabled 2 GPEs in block 00 to 07
[    1.200219] vgaarb: setting as boot device: PCI:0000:00:02.0
[    1.202894] vgaarb: device added: PCI:0000:00:02.0,decodes=io+mem,owns=io+mem,locks=none
[    1.207277] vgaarb: loaded
[    1.209081] vgaarb: bridge control possible 0000:00:02.0
[    1.212739] SCSI subsystem initialized
[    1.214994] ACPI: bus type USB registered
[    1.217095] usbcore: registered new interface driver usbfs
[    1.219767] usbcore: registered new interface driver hub
[    1.222348] usbcore: registered new device driver usb
[    1.227054] PCI: Using ACPI for IRQ routing
[    1.229894] NetLabel: Initializing
[    1.231810] NetLabel:  domain hash size = 128
[    1.233998] NetLabel:  protocols = UNLABELED CIPSOv4
[    1.239375] NetLabel:  unlabeled traffic allowed by default
[    1.242234] amd_nb: Cannot enumerate AMD northbridges
[    1.244808] clocksource: Switched to clocksource kvm-clock
[    1.267623] AppArmor: AppArmor Filesystem Enabled
[    1.270193] pnp: PnP ACPI init
[    1.273911] pnp: PnP ACPI: found 3 devices
[    1.285819] clocksource: acpi_pm: mask: 0xffffff max_cycles: 0xffffff, max_idle_ns: 2085701024 ns
[    1.290425] NET: Registered protocol family 2
[    1.293120] TCP established hash table entries: 8192 (order: 4, 65536 bytes)
[    1.296248] TCP bind hash table entries: 8192 (order: 5, 131072 bytes)
[    1.299445] TCP: Hash tables configured (established 8192 bind 8192)
[    1.302348] UDP hash table entries: 512 (order: 2, 16384 bytes)
[    1.305020] UDP-Lite hash table entries: 512 (order: 2, 16384 bytes)
[    1.308440] NET: Registered protocol family 1
[    1.311115] pci 0000:00:00.0: Limiting direct PCI/PCI transfers
[    1.313900] pci 0000:00:01.0: Activating ISA DMA hang workarounds
[    1.317045] Unpacking initramfs...
[    1.855979] Freeing initrd memory: 14888K
[    1.859268] RAPL PMU detected, API unit is 2^-32 Joules, 3 fixed counters 10737418240 ms ovfl timer
[    1.865442] hw unit of domain pp0-core 2^-0 Joules
[    1.868737] hw unit of domain package 2^-0 Joules
[    1.872299] hw unit of domain pp1-gpu 2^-0 Joules
[    1.875329] clocksource: tsc: mask: 0xffffffffffffffff max_cycles: 0x23f4461b0ab, max_idle_ns: 440795325513 ns
[    1.881634] platform rtc_cmos: registered platform RTC device (no PNP device found)
[    1.887519] Scanning for low memory corruption every 60 seconds
[    1.892529] audit: initializing netlink subsys (disabled)
[    1.895982] audit: type=2000 audit(1665414542.358:1): initialized
[    1.900299] Initialise system trusted keyring
[    1.903563] HugeTLB registered 2 MB page size, pre-allocated 0 pages
[    1.910215] zbud: loaded
[    1.912217] VFS: Disk quotas dquot_6.6.0
[    1.914497] VFS: Dquot-cache hash table entries: 512 (order 0, 4096 bytes)
[    1.919147] squashfs: version 4.0 (2009/01/31) Phillip Lougher
[    1.922467] fuse init (API version 7.23)
[    1.925545] Key type big_key registered
[    1.927642] Allocating IMA MOK and blacklist keyrings.
[    1.931257] Key type asymmetric registered
[    1.933448] Asymmetric key parser 'x509' registered
[    1.935884] Block layer SCSI generic (bsg) driver version 0.4 loaded (major 249)
[    1.940230] io scheduler noop registered
[    1.942473] io scheduler deadline registered (default)
[    1.945036] io scheduler cfq registered
[    1.947378] pci_hotplug: PCI Hot Plug PCI Core version: 0.5
[    1.949984] pciehp: PCI Express Hot Plug Controller Driver version: 0.4
[    1.953273] ACPI: AC Adapter [AC] (on-line)
[    1.955711] input: Power Button as /devices/LNXSYSTM:00/LNXPWRBN:00/input/input0
[    1.959649] ACPI: Power Button [PWRF]
[    1.961835] input: Sleep Button as /devices/LNXSYSTM:00/LNXSLPBN:00/input/input1
[    1.965893] ACPI: Sleep Button [SLPF]
[    1.968232] GHES: HEST is not enabled!
[    1.970682] ACPI: Battery Slot [BAT0] (battery present)
[    1.970809] Serial: 8250/16550 driver, 32 ports, IRQ sharing enabled
[    1.994210] 00:02: ttyS0 at I/O 0x3f8 (irq = 4, base_baud = 115200) is a 16550A
[    1.999095] Linux agpgart interface v0.103
[    2.005690] loop: module loaded
[    2.007202] scsi host0: ata_piix
[    2.007398] scsi host1: ata_piix
[    2.007510] ata1: PATA max UDMA/33 cmd 0x1f0 ctl 0x3f6 bmdma 0xd000 irq 14
[    2.007513] ata2: PATA max UDMA/33 cmd 0x170 ctl 0x376 bmdma 0xd008 irq 15
[    2.007761] libphy: Fixed MDIO Bus: probed
[    2.007766] tun: Universal TUN/TAP device driver, 1.6
[    2.007768] tun: (C) 1999-2004 Max Krasnyansky <maxk@qualcomm.com>
[    2.007886] PPP generic driver version 2.4.2
[    2.008028] ehci_hcd: USB 2.0 'Enhanced' Host Controller (EHCI) Driver
[    2.008043] ehci-pci: EHCI PCI platform driver
[    2.008082] ehci-platform: EHCI generic platform driver
[    2.008104] ohci_hcd: USB 1.1 'Open' Host Controller (OHCI) Driver
[    2.008112] ohci-pci: OHCI PCI platform driver
[    2.008167] ohci-platform: OHCI generic platform driver
[    2.008190] uhci_hcd: USB Universal Host Controller Interface driver
[    2.008346] i8042: PNP: PS/2 Controller [PNP0303:PS2K,PNP0f03:PS2M] at 0x60,0x64 irq 1,12
[    2.011909] serio: i8042 KBD port at 0x60,0x64 irq 1
[    2.011921] serio: i8042 AUX port at 0x60,0x64 irq 12
[    2.012289] mousedev: PS/2 mouse device common for all mice
[    2.013177] rtc_cmos rtc_cmos: rtc core: registered rtc_cmos as rtc0
[    2.013358] rtc_cmos rtc_cmos: alarms up to one day, 114 bytes nvram
[    2.013376] i2c /dev entries driver
[    2.013524] device-mapper: uevent: version 1.0.3
[    2.013678] device-mapper: ioctl: 4.34.0-ioctl (2015-10-28) initialised: dm-devel@redhat.com
[    2.013725] ledtrig-cpu: registered to indicate activity on CPUs
[    2.014640] NET: Registered protocol family 10
[    2.015092] NET: Registered protocol family 17
[    2.015114] Key type dns_resolver registered
[    2.016016] registered taskstats version 1
[    2.016048] Loading compiled-in X.509 certificates
[    2.017657] Loaded X.509 cert 'Build time autogenerated kernel key: cf00e047681d67edb2720680708b7d9498083038'
[    2.017702] zswap: loaded using pool lzo/zbud
[    2.030194] Key type trusted registered
[    2.037743] input: AT Translated Set 2 keyboard as /devices/platform/i8042/serio0/input/input2
[    2.038172] Key type encrypted registered
[    2.038185] AppArmor: AppArmor sha1 policy hashing enabled
[    2.038191] ima: No TPM chip found, activating TPM-bypass!
[    2.038201] ima: Allocated hash algorithm: sha1
[    2.038228] evm: HMAC attrs: 0x1
[    2.038876]   Magic number: 10:431:133
[    2.040324] rtc_cmos rtc_cmos: setting system clock to 2022-10-10 15:08:56 UTC (1665414536)
[    2.040664] BIOS EDD facility v0.16 2004-Jun-25, 0 devices found
[    2.040665] EDD information not available.
[    2.210326] Freeing unused kernel memory: 1492K
[    2.213465] Write protecting the kernel read-only data: 14336k
[    2.218190] Freeing unused kernel memory: 1584K
[    2.221374] Freeing unused kernel memory: 52K
Loading, please wait...
starting version 229
[    2.257438] random: systemd-udevd: uninitialized urandom read (16 bytes read, 3 bits of entropy available)
[    2.259407] random: udevadm: uninitialized urandom read (16 bytes read, 3 bits of entropy available)
[    2.259472] random: udevadm: uninitialized urandom read (16 bytes read, 3 bits of entropy available)
[    2.277014] random: systemd-udevd: uninitialized urandom read (16 bytes read, 3 bits of entropy available)
[    2.283521] random: systemd-udevd: uninitialized urandom read (16 bytes read, 3 bits of entropy available)
[    2.290003] random: systemd-udevd: uninitialized urandom read (16 bytes read, 3 bits of entropy available)
[    2.295581] random: udevadm: uninitialized urandom read (16 bytes read, 3 bits of entropy available)
[    2.295756] random: udevadm: uninitialized urandom read (16 bytes read, 3 bits of entropy available)
[    2.296269] random: udevadm: uninitialized urandom read (16 bytes read, 3 bits of entropy available)
[    2.296463] random: udevadm: uninitialized urandom read (16 bytes read, 3 bits of entropy available)
[    2.446272] Fusion MPT base driver 3.04.20
[    2.449418] Copyright (c) 1999-2008 LSI Corporation
[    2.453613] e1000: Intel(R) PRO/1000 Network Driver - version 7.3.21-k8-NAPI
[    2.457576] e1000: Copyright (c) 1999-2006 Intel Corporation.
[    2.495575] AVX version of gcm_enc/dec engaged.
[    2.498603] AES CTR mode by8 optimization enabled
[    2.512251] Fusion MPT SPI Host driver 3.04.20
[    2.703070] input: ImExPS/2 Generic Explorer Mouse as /devices/platform/i8042/serio1/input/input4
[    3.407329] e1000 0000:00:03.0 eth0: (PCI:33MHz:32-bit) 02:be:82:6b:cc:1d
[    3.415021] e1000 0000:00:03.0 eth0: Intel(R) PRO/1000 Network Connection
[    3.422569] e1000 0000:00:03.0 enp0s3: renamed from eth0
[    3.427145] mptbase: ioc0: Initiating bringup
[    3.493756] ioc0: LSI53C1030 A0: Capabilities={Initiator}
[    3.667198] scsi host2: ioc0: LSI53C1030 A0, FwRev=00000000h, Ports=1, MaxQ=256, IRQ=20
[    3.798024] scsi 2:0:0:0: Direct-Access     VBOX     HARDDISK         1.0  PQ: 0 ANSI: 5
[    3.802346] scsi target2:0:0: Beginning Domain Validation
[    3.807793] scsi target2:0:0: Domain Validation skipping write tests
[    3.810758] scsi target2:0:0: Ending Domain Validation
[    3.813992] scsi target2:0:0: asynchronous
[    3.817088] scsi 2:0:1:0: Direct-Access     VBOX     HARDDISK         1.0  PQ: 0 ANSI: 5
[    3.851370] scsi target2:0:1: Beginning Domain Validation
[    3.855989] scsi target2:0:1: Domain Validation skipping write tests
[    3.859216] scsi target2:0:1: Ending Domain Validation
[    3.862496] scsi target2:0:1: asynchronous
[    3.873876] sd 2:0:0:0: Attached scsi generic sg0 type 0
[    3.877376] sd 2:0:0:0: [sda] 83886080 512-byte logical blocks: (42.9 GB/40.0 GiB)
[    3.882080] sd 2:0:1:0: [sdb] 20480 512-byte logical blocks: (10.5 MB/10.0 MiB)
[    3.886274] sd 2:0:0:0: [sda] Write Protect is off
[    3.886562] sd 2:0:1:0: Attached scsi generic sg1 type 0
[    3.889434] sd 2:0:0:0: [sda] Incomplete mode parameter data
[    3.889436] sd 2:0:0:0: [sda] Assuming drive cache: write through
[    3.899436] sd 2:0:1:0: [sdb] Write Protect is off
[    3.903243] sd 2:0:1:0: [sdb] Incomplete mode parameter data
[    3.906769] sd 2:0:1:0: [sdb] Assuming drive cache: write through
[    3.910410]  sda: sda1
[    3.914492] sd 2:0:0:0: [sda] Attached SCSI disk
[    3.915557] sd 2:0:1:0: [sdb] Attached SCSI disk
Begin: Loading essential drivers ... [    6.065623] md: linear personality registered for level -1
[    6.073291] md: multipath personality registered for level -4
[    6.081266] md: raid0 personality registered for level 0
[    6.091822] md: raid1 personality registered for level 1
[    6.172917] raid6: sse2x1   gen()  2262 MB/s
[    6.240925] raid6: sse2x1   xor()  1603 MB/s
[    6.308929] raid6: sse2x2   gen()  4012 MB/s
[    6.376903] raid6: sse2x2   xor()  2789 MB/s
[    6.444886] raid6: sse2x4   gen()  6310 MB/s
[    6.512912] raid6: sse2x4   xor()  3646 MB/s
[    6.515261] raid6: using algorithm sse2x4 gen() 6310 MB/s
[    6.518215] raid6: .... xor() 3646 MB/s, rmw enabled
[    6.521072] raid6: using ssse3x2 recovery algorithm
[    6.525893] xor: automatically using best checksumming function:
[    6.564862]    avx       : 14230.000 MB/sec
[    6.571191] async_tx: api initialized (async)
[    6.597112] md: raid6 personality registered for level 6
[    6.600670] md: raid5 personality registered for level 5
[    6.603850] md: raid4 personality registered for level 4
[    6.624911] md: raid10 personality registered for level 10
done.
Begin: Running /scripts/init-premount ... done.
Begin: Mounting root file system ... Begin: Running /scripts/local-top ... done.
Begin: Running /scripts/local-premount ... [    6.722521] Btrfs loaded
Scanning for Btrfs filesystems
done.
Warning: fsck not present, so skipping root file system
[    6.789170] EXT4-fs (sda1): mounted filesystem with ordered data mode. Opts: (null)
done.
Begin: Running /scripts/local-bottom ... done.
Begin: Running /scripts/init-bottom ... done.
[    7.000695] systemd[1]: systemd 229 running in system mode. (+PAM +AUDIT +SELINUX +IMA +APPARMOR +SMACK +SYSVINIT +UTMP +LIBCRYPTSETUP +GCRYPT +GNUTLS +ACL +XZ -LZ4 +SECCOMP +BLKID +ELFUTILS +KMOD -IDN)
[    7.011974] systemd[1]: Detected virtualization oracle.
[    7.015644] systemd[1]: Detected architecture x86-64.

Welcome to [1mUbuntu 16.04.7 LTS[0m!

[    7.025373] systemd[1]: Set hostname to <ubuntu-xenial>.
[    7.289754] systemd[1]: Listening on /dev/initctl Compatibility Named Pipe.
[[0;32m  OK  [0m] Listening on /dev/initctl Compatibility Named Pipe.
[    7.294948] systemd[1]: Started Trigger resolvconf update for networkd DNS.
[[0;32m  OK  [0m] Started Trigger resolvconf update for networkd DNS.
[    7.300034] systemd[1]: Listening on Journal Socket.
[[0;32m  OK  [0m] Listening on Journal Socket.
[    7.304164] systemd[1]: Reached target User and Group Name Lookups.
[[0;32m  OK  [0m] Reached target User and Group Name Lookups.
[    7.308868] systemd[1]: Listening on Journal Socket (/dev/log).
[[0;32m  OK  [0m] Listening on Journal Socket (/dev/log).
[    7.314494] systemd[1]: Set up automount Arbitrary Executable File Formats File System Automount Point.
[[0;32m  OK  [0m] Set up automount Arbitrary Executab...ats File System Automount Point.
[    7.321184] systemd[1]: Listening on udev Control Socket.
[[0;32m  OK  [0m] Listening on udev Control Socket.
[    7.325437] systemd[1]: Listening on Syslog Socket.
[[0;32m  OK  [0m] Listening on Syslog Socket.
[    7.329515] systemd[1]: Listening on Journal Audit Socket.
[[0;32m  OK  [0m] Listening on Journal Audit Socket.
[    7.333839] systemd[1]: Started Forward Password Requests to Wall Directory Watch.
[[0;32m  OK  [0m] Started Forward Password Requests to Wall Directory Watch.
[    7.339812] systemd[1]: Reached target Encrypted Volumes.
[[0;32m  OK  [0m] Reached target Encrypted Volumes.
[    7.345517] systemd[1]: Created slice System Slice.
[[0;32m  OK  [0m] Created slice System Slice.
[    7.365265] systemd[1]: Starting Journal Service...
         Starting Journal Service...
[    7.379508] systemd[1]: Mounting POSIX Message Queue File System...
         Mounting POSIX Message Queue File System...
[    7.387032] systemd[1]: Mounting Huge Pages File System...
         Mounting Huge Pages File System...
[    7.394901] systemd[1]: Starting Set console keymap...
         Starting Set console keymap...
[    7.401885] systemd[1]: Mounting Debug File System...
         Mounting Debug File System...
[    7.413561] systemd[1]: Reached target Swap.
[[0;32m  OK  [0m] Reached target Swap.
[    7.421983] systemd[1]: Created slice system-serial\x2dgetty.slice.
[[0;32m  OK  [0m] Created slice system-serial\x2dgetty.slice.
[    7.428045] systemd[1]: Listening on LVM2 metadata daemon socket.
[[0;32m  OK  [0m] Listening on LVM2 metadata daemon socket.
[    7.434767] systemd[1]: Listening on Device-mapper event daemon FIFOs.
[[0;32m  OK  [0m] Listening on Device-mapper event daemon FIFOs.
[    7.457338] systemd[1]: Starting Monitoring of LVM2 mirrors, snapshots etc. using dmeventd or progress polling...
         Starting Monitoring of LVM2 mirrors... dmeventd or progress polling...
[    7.470214] systemd[1]: Created slice User and Session Slice.
[[0;32m  OK  [0m] Created slice User and Session Slice.
[    7.478142] systemd[1]: Reached target Slices.
[[0;32m  OK  [0m] Reached target Slices.
[    7.488281] systemd[1]: Starting Create list of required static device nodes for the current kernel...
         Starting Create list of required st... nodes for the current kernel...
[    7.505721] systemd[1]: Starting Load Kernel Modules...
         Starting Load Kernel Modules...
[    7.513281] systemd[1]: Listening on udev Kernel Socket.
[[0;32m  OK  [0m] Listening on udev Kernel Socket.
[    7.523618] systemd[1]: Starting Uncomplicated firewall...
         Starting Uncomplicated firewall...
[    7.533303] systemd[1]: Listening on fsck to fsckd communication Socket.
[[0;32m  OK  [0m] Listening on fsck to fsckd communication Socket.
[    7.540519] systemd[1]: Starting File System Check on Root Device...
         Starting File System Check on Root Device...
[    7.548007] systemd[1]: Reached target System Time Synchronized.
[    7.549339] Loading iSCSI transport class v2.0-870.
[[0;32m  OK  [0m] Reached target System Time Synchronized.
[    7.571310] iscsi: registered transport (tcp)
[    7.574537] systemd[1]: Starting Nameserver information manager...
         Starting Nameserver information manager...
[    7.580217] systemd[1]: Listening on LVM2 poll daemon socket.
[[0;32m  OK  [0m] Listening on LVM2 poll daemon socket.
[    7.593980] systemd[1]: Mounted Huge Pages File System.
[[0;32m  OK  [0m] Mounted Huge Pages File System.
[    7.604981] systemd[1]: Mounted POSIX Message Queue File System.
[[0;32m  OK  [0m] Mounted POSIX Message Queue File System.
[    7.614527] systemd[1]: Mounted Debug File System.
[[0;32m  OK  [0m] Mounted Debug File System.
[    7.621580] systemd[1]: Started Journal Service.
[[0;32m  OK  [0m] Started Journal Service.
[[0;32m  OK  [0m] Started Create list of required sta...ce nodes for the current kernel.
[[0;32m  OK  [0m] Started Uncomplicated firewall.
[[0;32m  OK  [0m] Started File System Check on Root Device.
[[0;32m  OK  [0m] Started Set console keymap.
[[0;32m  OK  [0m] Started Nameserver information manager.
[[0;32m  OK  [0m] Started LVM2 metadata daemon.
[[0;32m  OK  [0m] Started File System Check Daemon to report status.
         Starting Remount Root and Kernel File Systems...
         Starting Create Static Device Nodes in /dev...
[    7.720477] iscsi: registered transport (iser)
[    7.722916] EXT4-fs (sda1): re-mounted. Opts: (null)
[[0;32m  OK  [0m] Started Remount Root and Kernel File Systems.
[[0;32m  OK  [0m] Started Load Kernel Modules.
         Mounting FUSE Control File System...
         Starting Apply Kernel Variables...
         Starting udev Coldplug all Devices...
         Starting Load/Save Random Seed...
         Starting Flush Journal to Persistent Storage...
[[0;32m  OK  [0m] Mounted FUSE Control File System.
[[0;32m  OK  [0m] Started Load/Save Random Seed.
[[0;32m  OK  [0m] Started Apply Kernel Variables.
[[0;32m  OK  [0m] Started Create Static Device Nodes in /dev.
[[0;32m  OK  [0m] Started Monitoring of LVM2 mirrors,...ng dmeventd or progress polling.
[[0;32m  OK  [0m] Reached target Local File Systems (Pre).
[[0;32m  OK  [0m] Reached target Local File Systems.
         Starting LSB: AppArmor initialization...
         Starting Tell Plymouth To Write Out Runtime Data...
         Starting Set console font and keymap...
         Starting Initial cloud-init job (pre-networking)...
         Starting udev Kernel Device Manager...
[[0;32m  OK  [0m] Started Tell Plymouth To Write Out Runtime Data.
[[0;32m  OK  [0m] Started Flush Journal to Persistent Storage.
         Starting Create Volatile Files and Directories...
[[0;32m  OK  [0m] Started Create Volatile Files and Directories.
         Starting Update UTMP about System Boot/Shutdown...
[[0;32m  OK  [0m] Started Update UTMP about System Boot/Shutdown.
[[0;32m  OK  [0m] Started udev Coldplug all Devices.
[[0;32m  OK  [0m] Started udev Kernel Device Manager.
[[0;32m  OK  [0m] Started Dispatch Password Requests to Console Directory Watch.
[[0;32m  OK  [0m] Started LSB: AppArmor initialization.
         Starting Load AppArmor profiles managed internally by snapd...
[[0;32m  OK  [0m] Started Load AppArmor profiles managed internally by snapd.
[[0;32m  OK  [0m] Found device /dev/ttyS0.
[[0;32m  OK  [0m] Listening on Load/Save RF Kill Switch Status /dev/rfkill Watch.
[[0;32m  OK  [0m] Found device 82540EM Gigabit Ethern...r (PRO/1000 MT Desktop Adapter).
[   10.400076] cloud-init[488]: Cloud-init v. 21.1-19-gbad84ad4-0ubuntu1~16.04.2 running 'init-local' at Mon, 10 Oct 2022 15:09:04 +0000. Up 9.72 seconds.
[[0;32m  OK  [0m] Started Set console font and keymap.
[[0;32m  OK  [0m] Started Initial cloud-init job (pre-networking).
[[0;32m  OK  [0m] Reached target Network (Pre).
         Starting Raise network interfaces...
[[0;32m  OK  [0m] Started ifup for enp0s3.
[[0;32m  OK  [0m] Created slice system-getty.slice.
[[0;1;31mFAILED[0m] Failed to start Raise network interfaces.
See 'systemctl status networking.service' for details.
[[0;32m  OK  [0m] Reached target Network.
         Starting Initial cloud-init job (metadata service crawler)...
[   14.015704] cloud-init[1044]: Cloud-init v. 21.1-19-gbad84ad4-0ubuntu1~16.04.2 running 'init' at Mon, 10 Oct 2022 15:09:08 +0000. Up 13.13 seconds.
[   14.020272] cloud-init[1044]: ci-info: ++++++++++++++++++++++++++++++++++++++Net device info++++++++++++++++++++++++++++++++++++++
[   14.024148] cloud-init[1044]: ci-info: +--------+------+----------------------------+---------------+--------+-------------------+
[   14.028185] cloud-init[1044]: ci-info: | Device |  Up  |          Address           |      Mask     | Scope  |     Hw-Address    |
[   14.031685] cloud-init[1044]: ci-info: +--------+------+----------------------------+---------------+--------+-------------------+
[   14.035407] cloud-init[1044]: ci-info: | enp0s3 | True |         10.0.2.15          | 255.255.255.0 | global | 02:be:82:6b:cc:1d |
[   14.039406] cloud-init[1044]: ci-info: | enp0s3 | True | fe80::be:82ff:fe6b:cc1d/64 |       .       |  link  | 02:be:82:6b:cc:1d |
[   14.043515] cloud-init[1044]: ci-info: |   lo   | True |         127.0.0.1          |   255.0.0.0   |  host  |         .         |
[   14.047630] cloud-init[1044]: ci-info: |   lo   | True |          ::1/128           |       .       |  host  |         .         |
[   14.051826] cloud-init[1044]: ci-info: +--------+------+----------------------------+---------------+--------+-------------------+
[   14.063920] cloud-init[1044]: ci-info: +++++++++++++++++++++++++++Route IPv4 info++++++++++++++++++++++++++++
[   14.068327] cloud-init[1044]: ci-info: +-------+-------------+----------+---------------+-----------+-------+
[   14.072416] cloud-init[1044]: ci-info: | Route | Destination | Gateway  |    Genmask    | Interface | Flags |
[   14.076923] cloud-init[1044]: ci-info: +-------+-------------+----------+---------------+-----------+-------+
[   14.081377] cloud-init[1044]: ci-info: |   0   |   0.0.0.0   | 10.0.2.2 |    0.0.0.0    |   enp0s3  |   UG  |
[   14.084676] cloud-init[1044]: ci-info: |   1   |   10.0.2.0  | 0.0.0.0  | 255.255.255.0 |   enp0s3  |   U   |
[   14.087989] cloud-init[1044]: ci-info: +-------+-------------+----------+---------------+-----------+-------+
[   14.091658] cloud-init[1044]: ci-info: +++++++++++++++++++Route IPv6 info+++++++++++++++++++
[   14.096259] cloud-init[1044]: ci-info: +-------+-------------+---------+-----------+-------+
[   14.103974] cloud-init[1044]: ci-info: | Route | Destination | Gateway | Interface | Flags |
[   14.108027] cloud-init[1044]: ci-info: +-------+-------------+---------+-----------+-------+
[   14.112293] cloud-init[1044]: ci-info: |   0   |  fe80::/64  |    ::   |   enp0s3  |   U   |
[   14.115540] cloud-init[1044]: ci-info: |   4   |   ff00::/8  |    ::   |   enp0s3  |   U   |
[   14.118799] cloud-init[1044]: ci-info: +-------+-------------+---------+-----------+-------+
[[0;32m  OK  [0m] Started Initial cloud-init job (metadata service crawler).
[[0;32m  OK  [0m] Reached target System Initialization.
[[0;32m  OK  [0m] Listening on D-Bus System Message Bus Socket.
[[0;32m  OK  [0m] Started Ubuntu Advantage Timer for running repeated jobs.
[[0;32m  OK  [0m] Started Message of the Day.
[[0;32m  OK  [0m] Started Daily apt download activities.
[[0;32m  OK  [0m] Started ACPI Events Check.
[[0;32m  OK  [0m] Reached target Paths.
[[0;32m  OK  [0m] Listening on UUID daemon activation socket.
[[0;32m  OK  [0m] Listening on ACPID Listen Socket.
         Starting Socket activation for snappy daemon.
         Starting LXD - unix socket.
[[0;32m  OK  [0m] Started Daily Cleanup of Temporary Directories.
[[0;32m  OK  [0m] Started Daily apt upgrade and clean activities.
[[0;32m  OK  [0m] Reached target Timers.
[[0;32m  OK  [0m] Reached target Network is Online.
         Starting iSCSI initiator daemon (iscsid)...
[[0;32m  OK  [0m] Reached target Cloud-config availability.
[[0;32m  OK  [0m] Listening on Socket activation for snappy daemon.
[[0;32m  OK  [0m] Listening on LXD - unix socket.
[[0;32m  OK  [0m] Reached target Sockets.
[[0;32m  OK  [0m] Reached target Basic System.
[[0;32m  OK  [0m] Started D-Bus System Message Bus.
         Starting A high performance web server and a reverse proxy server...
         Starting System Logging Service...
[[0;32m  OK  [0m] Started Deferred execution scheduler.
         Starting LXD - container startup/shutdown...
         Starting Accounts Service...
[[0;32m  OK  [0m] Started FUSE filesystem for LXC.
         Starting Virtualbox guest utils...
[[0;32m  OK  [0m] Started ACPI event daemon.
         Starting Login Service...
         Starting /etc/rc.local Compatibility...
         Starting LSB: MD monitoring daemon...
         Starting LSB: Record successful boot for GRUB...
[[0;32m  OK  [0m] Started Regular background program processing daemon.
         Starting OpenBSD Secure Shell server...
         Starting Snap Daemon...
[[0;32m  OK  [0m] Started iSCSI initiator daemon (iscsid).
[[0;32m  OK  [0m] Started /etc/rc.local Compatibility.
[[0;32m  OK  [0m] Started System Logging Service.
         Starting Login to default iSCSI targets...
[[0;32m  OK  [0m] Started Login Service.
[[0;32m  OK  [0m] Started Unattended Upgrades Shutdown.
[[0;32m  OK  [0m] Started LSB: MD monitoring daemon.
[[0;32m  OK  [0m] Started Login to default iSCSI targets.
[[0;32m  OK  [0m] Reached target Remote File Systems (Pre).
         Mounting /vagrant...
[[0;1;31mFAILED[0m] Failed to mount /vagrant.
See 'systemctl status vagrant.mount' for details.
[[0;1;33mDEPEND[0m] Dependency failed for Remote File Systems.
         Starting Permit User Sessions...
         Starting LSB: Set the CPU Frequency Scaling governor to "ondemand"...
         Starting LSB: automatic crash report generation...
         Starting LSB: daemon to balance interrupts for SMP systems...
[[0;32m  OK  [0m] Started LSB: Record successful boot for GRUB.
[[0;32m  OK  [0m] Started Permit User Sessions.
         Starting Authenticate and Authorize Users to Run Privileged Tasks...
         Starting Terminate Plymouth Boot Screen...
         Starting Hold until boot process finishes up...
[[0;32m  OK  [0m] Started OpenBSD Secure Shell server.
[[0;32m  OK  [0m] Started Terminate Plymouth Boot Screen.
[[0;32m  OK  [0m] Started Hold until boot process finishes up.
         Starting Set console scheme...
[[0;32m  OK  [0m] Started Getty on tty1.
[[0;32m  OK  [0m] Started Serial Getty on ttyS0.
[[0;32m  OK  [0m] Reached target Login Prompts.
[[0;32m  OK  [0m] Started LXD - container startup/shutdown.
[[0;32m  OK  [0m] Started Set console scheme.
[[0;32m  OK  [0m] Started LSB: Set the CPU Frequency Scaling governor to "ondemand".
[[0;32m  OK  [0m] Started Authenticate and Authorize Users to Run Privileged Tasks.
[[0;32m  OK  [0m] Started LSB: daemon to balance interrupts for SMP systems.
[[0;32m  OK  [0m] Started Accounts Service.
[[0;32m  OK  [0m] Started LSB: automatic crash report generation.
[[0;32m  OK  [0m] Started A high performance web server and a reverse proxy server.
[[0;32m  OK  [0m] Started Virtualbox guest utils.
[[0;32m  OK  [0m] Started Snap Daemon.
         Starting Wait until snapd is fully seeded...
[[0;32m  OK  [0m] Created slice User Slice of vagrant.
         Starting User Manager for UID 1000...
[[0;32m  OK  [0m] Started Session 1 of user vagrant.
[[0;32m  OK  [0m] Started User Manager for UID 1000.
[[0;32m  OK  [0m] Started Wait until snapd is fully seeded.
         Starting Apply the settings specified in cloud-config...
[   17.459548] cloud-init[1340]: Cloud-init v. 21.1-19-gbad84ad4-0ubuntu1~16.04.2 running 'modules:config' at Mon, 10 Oct 2022 15:09:12 +0000. Up 17.00 seconds.
[[0;32m  OK  [0m] Started Apply the settings specified in cloud-config.
         Starting cloud-id shim...
[[0;32m  OK  [0m] Started cloud-id shim.
[[0;32m  OK  [0m] Reached target Multi-User System.
[[0;32m  OK  [0m] Reached target Graphical Interface.
         Starting Execute cloud user/final scripts...
         Starting Update UTMP about System Runlevel Changes...
[[0;32m  OK  [0m] Started Update UTMP about System Runlevel Changes.
[   20.535084] cloud-init[1417]: Cloud-init v. 21.1-19-gbad84ad4-0ubuntu1~16.04.2 running 'modules:final' at Mon, 10 Oct 2022 15:09:15 +0000. Up 20.03 seconds.
[   20.540921] cloud-init[1417]: Cloud-init v. 21.1-19-gbad84ad4-0ubuntu1~16.04.2 finished at Mon, 10 Oct 2022 15:09:15 +0000. Datasource DataSourceNoCloud [seed=/dev/sdb][dsmode=net].  Up 20.51 seconds

Ubuntu 16.04.7 LTS ubuntu-xenial ttyS0

ubuntu-xenial login:          Stopping Authenticate and Authorize Users to Run Privileged Tasks...
         Unmounting /vagrant...
[[0;32m  OK  [0m] Closed Load/Save RF Kill Switch Status /dev/rfkill Watch.
         Stopping Session 2 of user vagrant.
         Stopping User Manager for UID 1000...
[[0;32m  OK  [0m] Stopped target Timers.
[[0;32m  OK  [0m] Stopped Daily apt upgrade and clean activities.
[[0;32m  OK  [0m] Stopped Daily apt download activities.
[[0;32m  OK  [0m] Stopped Daily Cleanup of Temporary Directories.
[[0;32m  OK  [0m] Stopped target Graphical Interface.
         Stopping Accounts Service...
[[0;32m  OK  [0m] Stopped Ubuntu Advantage Timer for running repeated jobs.
[[0;32m  OK  [0m] Stopped target Cloud-init target.
[[0;32m  OK  [0m] Stopped Execute cloud user/final scripts.
[[0;32m  OK  [0m] Stopped target Multi-User System.
         Stopping OpenBSD Secure Shell server...
[[0;32m  OK  [0m] Stopped target Login Prompts.
         Stopping Getty on tty1...
         Stopping Serial Getty on ttyS0...
         Stopping Deferred execution scheduler...
         Stopping LXD - container startup/shutdown...
         Stopping LSB: automatic crash report generation...
         Stopping LSB: daemon to balance interrupts for SMP systems...
         Stopping FUSE filesystem for LXC...
         Stopping LSB: MD monitoring daemon...
         Stopping A high performance web server and a reverse proxy server...
         Stopping D-Bus System Message Bus...
         Stopping LSB: Set the CPU Frequency Scaling governor to "ondemand"...
         Stopping Virtualbox guest utils...
         Stopping Regular background program processing daemon...
[[0;32m  OK  [0m] Stopped Message of the Day.
[[0;32m  OK  [0m] Stopped target System Time Synchronized.
         Stopping LSB: Record successful boot for GRUB...
         Stopping ACPI event daemon...
[[0;32m  OK  [0m] Stopped Apply the settings specified in cloud-config.
[[0;32m  OK  [0m] Stopped Wait until snapd is fully seeded.
[[0;32m  OK  [0m] Stopped target Cloud-config availability.
         Stopping System Logging Service...
[[0;32m  OK  [0m] Unmounted /var/lib/lxcfs.
[[0;32m  OK  [0m] Stopped System Logging Service.
[[0;32m  OK  [0m] Stopped Deferred execution scheduler.
[[0;32m  OK  [0m] Stopped Accounts Service.
[[0;32m  OK  [0m] Stopped Regular background program processing daemon.
[[0;32m  OK  [0m] Stopped ACPI event daemon.
[[0;32m  OK  [0m] Stopped OpenBSD Secure Shell server.
[[0;32m  OK  [0m] Stopped Authenticate and Authorize Users to Run Privileged Tasks.
[[0;32m  OK  [0m] Stopped Getty on tty1.
[[0;32m  OK  [0m] Stopped Serial Getty on ttyS0.
[[0;32m  OK  [0m] Stopped User Manager for UID 1000.
[[0;32m  OK  [0m] Unmounted /vagrant.
[[0;32m  OK  [0m] Stopped Session 2 of user vagrant.
[[0;32m  OK  [0m] Stopped D-Bus System Message Bus.
[[0;32m  OK  [0m] Stopped A high performance web server and a reverse proxy server.
[[0;32m  OK  [0m] Stopped FUSE filesystem for LXC.
[[0;32m  OK  [0m] Stopped LXD - container startup/shutdown.
[[0;32m  OK  [0m] Stopped LSB: automatic crash report generation.
[[0;32m  OK  [0m] Stopped LSB: Set the CPU Frequency Scaling governor to "ondemand".
[[0;32m  OK  [0m] Stopped LSB: MD monitoring daemon.
[[0;32m  OK  [0m] Stopped LSB: Record successful boot for GRUB.
[[0;32m  OK  [0m] Stopped LSB: daemon to balance interrupts for SMP systems.
[[0;32m  OK  [0m] Stopped target Remote File Systems (Pre).
         Stopping Login to default iSCSI targets...
[[0;32m  OK  [0m] Removed slice User Slice of vagrant.
         Stopping Login Service...
[[0;32m  OK  [0m] Removed slice system-serial\x2dgetty.slice.
[[0;32m  OK  [0m] Stopped /etc/rc.local Compatibility.
[[0;32m  OK  [0m] Removed slice system-getty.slice.
         Stopping Permit User Sessions...
[[0;32m  OK  [0m] Stopped Virtualbox guest utils.
[[0;32m  OK  [0m] Stopped Permit User Sessions.
[[0;32m  OK  [0m] Stopped Login Service.
[[0;32m  OK  [0m] Stopped Login to default iSCSI targets.
         Stopping iSCSI initiator daemon (iscsid)...
[[0;32m  OK  [0m] Stopped target User and Group Name Lookups.
[[0;32m  OK  [0m] Stopped target Basic System.
[[0;32m  OK  [0m] Stopped target Paths.
[[0;32m  OK  [0m] Stopped ACPI Events Check.
[[0;32m  OK  [0m] Stopped Dispatch Password Requests to Console Directory Watch.
[[0;32m  OK  [0m] Stopped Forward Password Requests to Wall Directory Watch.
[[0;32m  OK  [0m] Stopped target Sockets.
[[0;32m  OK  [0m] Closed Syslog Socket.
[[0;32m  OK  [0m] Closed Socket activation for snappy daemon.
[[0;32m  OK  [0m] Closed ACPID Listen Socket.
[[0;32m  OK  [0m] Closed UUID daemon activation socket.
[[0;32m  OK  [0m] Closed LXD - unix socket.
[[0;32m  OK  [0m] Stopped target Slices.
[[0;32m  OK  [0m] Removed slice User and Session Slice.
[[0;32m  OK  [0m] Closed D-Bus System Message Bus Socket.
[[0;32m  OK  [0m] Stopped target System Initialization.
[[0;32m  OK  [0m] Stopped target Encrypted Volumes.
[[0;32m  OK  [0m] Stopped target Swap.
         Stopping Update UTMP about System Boot/Shutdown...
[[0;32m  OK  [0m] Stopped Apply Kernel Variables.
[[0;32m  OK  [0m] Stopped Load Kernel Modules.
         Stopping Load/Save Random Seed...
[[0;32m  OK  [0m] Stopped iSCSI initiator daemon (iscsid).
[[0;32m  OK  [0m] Stopped Load/Save Random Seed.
[[0;32m  OK  [0m] Stopped target Network is Online.
[[0;32m  OK  [0m] Stopped target Network.
[[0;32m  OK  [0m] Stopped target Network (Pre).
[[0;32m  OK  [0m] Stopped Initial cloud-init job (metadata service crawler).
[[0;32m  OK  [0m] Stopped Initial cloud-init job (pre-networking).
[[0;32m  OK  [0m] Stopped Update UTMP about System Boot/Shutdown.
[[0;32m  OK  [0m] Stopped Create Volatile Files and Directories.
[[0;32m  OK  [0m] Stopped target Local File Systems.
         Unmounting /run/user/1000...
[[0;32m  OK  [0m] Unmounted /run/user/1000.
[[0;32m  OK  [0m] Reached target Unmount All Filesystems.
[[0;32m  OK  [0m] Stopped target Local File Systems (Pre).
[[0;32m  OK  [0m] Stopped Remount Root and Kernel File Systems.
         Stopping Monitoring of LVM2 mirrors... dmeventd or progress polling...
[[0;32m  OK  [0m] Stopped Create Static Device Nodes in /dev.
[[0;32m  OK  [0m] Reached target Shutdown.
[   71.803761] reboot: Power down
